2022-04-24 21:20:47.263 [main] [INFO] - Starting JavaHighConcurrencyApplication using Java 1.8.0_291 on DESKTOP-RP360SC with PID 17676 (E:\workspace\java-test\java-high-concurrency\target\classes started by 75547 in E:\workspace\java-test)
2022-04-24 21:20:47.265 [main] [INFO] - No active profile set, falling back to 1 default profile: "default"
2022-04-24 21:20:47.774 [main] [INFO] - Tomcat initialized with port(s): 8080 (http)
2022-04-24 21:20:47.778 [main] [INFO] - Initializing ProtocolHandler ["http-nio-8080"]
2022-04-24 21:20:47.779 [main] [INFO] - Starting service [Tomcat]
2022-04-24 21:20:47.779 [main] [INFO] - Starting Servlet engine: [Apache Tomcat/9.0.62]
2022-04-24 21:20:47.857 [main] [INFO] - Initializing Spring embedded WebApplicationContext
2022-04-24 21:20:47.858 [main] [INFO] - Root WebApplicationContext: initialization completed in 572 ms
2022-04-24 21:20:48.302 [main] [INFO] - Starting ProtocolHandler ["http-nio-8080"]
2022-04-24 21:20:48.314 [main] [INFO] - Tomcat started on port(s): 8080 (http) with context path ''
2022-04-24 21:20:48.320 [main] [INFO] - Started JavaHighConcurrencyApplication in 1.336 seconds (JVM running for 1.695)
2022-04-24 21:20:58.515 [http-nio-8080-exec-169] [INFO] - Initializing Spring DispatcherServlet 'dispatcherServlet'
2022-04-24 21:20:58.516 [http-nio-8080-exec-169] [INFO] - Initializing Servlet 'dispatcherServlet'
2022-04-24 21:20:58.517 [http-nio-8080-exec-169] [INFO] - Completed initialization in 1 ms
2022-04-24 21:20:58.864 [http-nio-8080-exec-264] [INFO] - HikariPool-1 - Starting...
2022-04-24 21:20:59.471 [http-nio-8080-exec-264] [INFO] - HikariPool-1 - Start completed.
2022-04-24 21:22:45.263 [main] [INFO] - Starting JavaHighConcurrencyApplication using Java 1.8.0_291 on DESKTOP-RP360SC with PID 64772 (E:\workspace\java-test\java-high-concurrency\target\classes started by 75547 in E:\workspace\java-test)
2022-04-24 21:22:45.265 [main] [INFO] - No active profile set, falling back to 1 default profile: "default"
2022-04-24 21:22:45.789 [main] [INFO] - Tomcat initialized with port(s): 8080 (http)
2022-04-24 21:22:45.793 [main] [INFO] - Initializing ProtocolHandler ["http-nio-8080"]
2022-04-24 21:22:45.793 [main] [INFO] - Starting service [Tomcat]
2022-04-24 21:22:45.793 [main] [INFO] - Starting Servlet engine: [Apache Tomcat/9.0.62]
2022-04-24 21:22:45.873 [main] [INFO] - Initializing Spring embedded WebApplicationContext
2022-04-24 21:22:45.873 [main] [INFO] - Root WebApplicationContext: initialization completed in 584 ms
2022-04-24 21:22:46.332 [main] [INFO] - Starting ProtocolHandler ["http-nio-8080"]
2022-04-24 21:22:46.345 [main] [INFO] - Tomcat started on port(s): 8080 (http) with context path ''
2022-04-24 21:22:46.351 [main] [INFO] - Started JavaHighConcurrencyApplication in 1.377 seconds (JVM running for 1.74)
2022-04-24 21:22:52.411 [http-nio-8080-exec-6] [INFO] - Initializing Spring DispatcherServlet 'dispatcherServlet'
2022-04-24 21:22:52.411 [http-nio-8080-exec-6] [INFO] - Initializing Servlet 'dispatcherServlet'
2022-04-24 21:22:52.411 [http-nio-8080-exec-6] [INFO] - Completed initialization in 0 ms
2022-04-24 21:22:52.450 [http-nio-8080-exec-35] [INFO] - HikariPool-1 - Starting...
2022-04-24 21:22:52.711 [http-nio-8080-exec-35] [INFO] - HikariPool-1 - Start completed.
